[2025-12-18 12:02:54,773: INFO: common: YAML file: configs\config.yaml loaded successfully]
[2025-12-18 12:02:54,776: INFO: common: YAML file: params.yaml loaded successfully]
[2025-12-18 12:40:12,530: INFO: common: YAML file: configs\config.yaml loaded successfully]
[2025-12-18 12:40:12,554: INFO: common: YAML file: params.yaml loaded successfully]
[2025-12-18 12:40:12,557: INFO: common: Created directory at: artifacts]
[2025-12-18 13:01:08,598: INFO: common: yaml file: configs\config.yaml loaded successfully]
[2025-12-18 13:01:08,601: INFO: common: yaml file: params.yaml loaded successfully]
[2025-12-18 13:01:08,603: INFO: common: created directory at: artifacts]
[2025-12-18 13:01:08,604: INFO: common: created directory at: artifacts/data_ingestion]
[2025-12-18 13:01:08,644: INFO: credentials: Found credentials in shared credentials file: ~/.aws/credentials]
[2025-12-18 13:02:11,280: INFO: common: yaml file: configs\config.yaml loaded successfully]
[2025-12-18 13:02:11,283: INFO: common: yaml file: params.yaml loaded successfully]
[2025-12-18 13:02:11,285: INFO: common: created directory at: artifacts]
[2025-12-18 13:02:11,286: INFO: common: created directory at: artifacts/data_ingestion]
[2025-12-18 13:02:16,375: INFO: common: yaml file: configs\config.yaml loaded successfully]
[2025-12-18 13:02:16,379: INFO: common: yaml file: params.yaml loaded successfully]
[2025-12-18 13:02:16,380: INFO: common: created directory at: artifacts]
[2025-12-18 13:02:16,381: INFO: common: created directory at: artifacts/data_ingestion]
[2025-12-18 13:02:50,009: INFO: common: yaml file: configs\config.yaml loaded successfully]
[2025-12-18 13:02:50,012: INFO: common: yaml file: params.yaml loaded successfully]
[2025-12-18 13:02:50,014: INFO: common: created directory at: artifacts]
[2025-12-18 13:02:50,015: INFO: common: created directory at: artifacts/data_ingestion]
[2025-12-18 13:03:40,613: INFO: common: yaml file: configs\config.yaml loaded successfully]
[2025-12-18 13:03:40,616: INFO: common: yaml file: params.yaml loaded successfully]
[2025-12-18 13:03:40,618: INFO: common: created directory at: artifacts]
[2025-12-18 13:03:40,618: INFO: common: created directory at: artifacts/data_ingestion]
[2025-12-18 13:03:58,970: INFO: common: yaml file: configs\config.yaml loaded successfully]
[2025-12-18 13:03:58,974: INFO: common: yaml file: params.yaml loaded successfully]
[2025-12-18 13:03:58,976: INFO: common: created directory at: artifacts]
[2025-12-18 13:03:58,977: INFO: common: created directory at: artifacts/data_ingestion]
[2025-12-18 13:03:59,002: INFO: credentials: Found credentials in shared credentials file: ~/.aws/credentials]
[2025-12-18 13:06:01,728: INFO: common: yaml file: configs\config.yaml loaded successfully]
[2025-12-18 13:06:01,730: INFO: common: yaml file: params.yaml loaded successfully]
[2025-12-18 13:06:01,731: INFO: common: created directory at: artifacts]
[2025-12-18 13:06:01,732: INFO: common: created directory at: artifacts/data_ingestion]
[2025-12-18 13:18:51,796: INFO: main: Project_MultitaskModel package initialized.]
[2025-12-18 13:18:51,797: INFO: main: >>>>>> Stage Data Ingestion Stage started <<<<<<]
[2025-12-18 13:18:51,797: ERROR: main: 'charmap' codec can't decode byte 0x81 in position 262: character maps to <undefined>]
Traceback (most recent call last):
  File "F:\Project_MultitaskModel\main.py", line 11, in <module>
    obj.main()
    ~~~~~~~~^^
  File "F:\Project_MultitaskModel\src\Project_MultitaskModel\pipeline\stage_01_data_ingestion.py", line 15, in main
    config = ConfigureManager()
  File "F:\Project_MultitaskModel\src\Project_MultitaskModel\configs\configurations.py", line 10, in __init__
    self.config = read_yaml(config_filepath)
                  ~~~~~~~~~^^^^^^^^^^^^^^^^^
  File "C:\Users\ADMIN\anaconda3\envs\project-multitaskmodel-env\Lib\site-packages\ensure\main.py", line 872, in __call__
    return_val = self.f(*args, **kwargs)
  File "F:\Project_MultitaskModel\src\Project_MultitaskModel\utils\common.py", line 37, in read_yaml
    raise e
  File "F:\Project_MultitaskModel\src\Project_MultitaskModel\utils\common.py", line 31, in read_yaml
    content = yaml.safe_load(yaml_file)
  File "C:\Users\ADMIN\anaconda3\envs\project-multitaskmodel-env\Lib\site-packages\yaml\__init__.py", line 125, in safe_load
    return load(stream, SafeLoader)
  File "C:\Users\ADMIN\anaconda3\envs\project-multitaskmodel-env\Lib\site-packages\yaml\__init__.py", line 79, in load
    loader = Loader(stream)
  File "C:\Users\ADMIN\anaconda3\envs\project-multitaskmodel-env\Lib\site-packages\yaml\loader.py", line 34, in __init__
    Reader.__init__(self, stream)
    ~~~~~~~~~~~~~~~^^^^^^^^^^^^^^
  File "C:\Users\ADMIN\anaconda3\envs\project-multitaskmodel-env\Lib\site-packages\yaml\reader.py", line 85, in __init__
    self.determine_encoding()
    ~~~~~~~~~~~~~~~~~~~~~~~^^
  File "C:\Users\ADMIN\anaconda3\envs\project-multitaskmodel-env\Lib\site-packages\yaml\reader.py", line 124, in determine_encoding
    self.update_raw()
    ~~~~~~~~~~~~~~~^^
  File "C:\Users\ADMIN\anaconda3\envs\project-multitaskmodel-env\Lib\site-packages\yaml\reader.py", line 178, in update_raw
    data = self.stream.read(size)
  File "C:\Users\ADMIN\anaconda3\envs\project-multitaskmodel-env\Lib\encodings\cp1252.py", line 23, in decode
    return codecs.charmap_decode(input,self.errors,decoding_table)[0]
           ~~~~~~~~~~~~~~~~~~~~~^^^^^^^^^^^^^^^^^^^^^^^^^^^^^^^^^^
UnicodeDecodeError: 'charmap' codec can't decode byte 0x81 in position 262: character maps to <undefined>
[2025-12-18 13:21:50,723: INFO: main: Project_MultitaskModel package initialized.]
[2025-12-18 13:21:50,723: INFO: main: >>>>>> Stage Data Ingestion Stage started <<<<<<]
[2025-12-18 13:21:50,724: INFO: common: yaml file: configs\config.yaml loaded successfully]
[2025-12-18 13:21:50,725: INFO: common: yaml file: params.yaml loaded successfully]
[2025-12-18 13:21:50,725: INFO: common: created directory at: artifacts]
[2025-12-18 13:21:50,726: INFO: common: created directory at: artifacts/data_ingestion]
[2025-12-18 13:21:50,803: INFO: credentials: Found credentials in shared credentials file: ~/.aws/credentials]
[2025-12-18 13:22:58,069: INFO: main: >>>>>> Stage Data Ingestion Stage completed <<<<<<

x==========x]
[2025-12-18 18:50:55,834: INFO: common: yaml file: configs\config.yaml loaded successfully]
[2025-12-18 18:50:55,848: INFO: common: yaml file: params.yaml loaded successfully]
[2025-12-18 18:50:55,849: INFO: common: created directory at: artifacts]
[2025-12-18 18:51:18,300: INFO: common: yaml file: configs\config.yaml loaded successfully]
[2025-12-18 18:51:18,302: INFO: common: yaml file: params.yaml loaded successfully]
[2025-12-18 18:51:18,304: INFO: common: created directory at: artifacts]
[2025-12-18 18:52:53,802: INFO: common: yaml file: configs\config.yaml loaded successfully]
[2025-12-18 18:52:53,805: INFO: common: yaml file: params.yaml loaded successfully]
[2025-12-18 18:52:53,806: INFO: common: created directory at: artifacts]
[2025-12-18 18:52:53,807: INFO: common: created directory at: artifacts/prepare_base_model]
[2025-12-18 18:59:44,905: INFO: main: Project_MultitaskModel package initialized.]
[2025-12-18 18:59:44,905: INFO: main: >>>>>> Stage Data Ingestion Stage started <<<<<<]
[2025-12-18 18:59:44,906: INFO: common: yaml file: configs\config.yaml loaded successfully]
[2025-12-18 18:59:44,908: INFO: common: yaml file: params.yaml loaded successfully]
[2025-12-18 18:59:44,908: INFO: common: created directory at: artifacts]
[2025-12-18 18:59:44,909: INFO: common: created directory at: artifacts/data_ingestion]
[2025-12-18 18:59:44,919: INFO: credentials: Found credentials in shared credentials file: ~/.aws/credentials]
[2025-12-18 19:00:47,419: INFO: main: >>>>>> Stage Data Ingestion Stage completed <<<<<<

x==========x]
[2025-12-18 19:00:47,420: INFO: main: >>>>>> Stage Prepare Base Model Stage started <<<<<<]
[2025-12-18 19:00:47,425: INFO: common: yaml file: configs\config.yaml loaded successfully]
[2025-12-18 19:00:47,429: INFO: common: yaml file: params.yaml loaded successfully]
[2025-12-18 19:00:47,430: INFO: common: created directory at: artifacts]
[2025-12-18 19:00:47,430: INFO: common: created directory at: artifacts/prepare_base_model]
[2025-12-18 19:00:49,207: INFO: main: >>>>>> Stage Prepare Base Model Stage completed <<<<<<

x==========x]
[2025-12-19 11:48:35,339: INFO: common: yaml file: configs\config.yaml loaded successfully]
[2025-12-19 11:48:35,359: INFO: common: yaml file: params.yaml loaded successfully]
[2025-12-19 11:48:35,362: INFO: common: created directory at: artifacts]
[2025-12-19 11:48:35,364: INFO: common: created directory at: artifacts/training_model]
[2025-12-19 11:56:14,946: INFO: common: yaml file: configs\config.yaml loaded successfully]
[2025-12-19 11:56:14,951: INFO: common: yaml file: params.yaml loaded successfully]
[2025-12-19 11:56:14,952: INFO: common: created directory at: artifacts]
[2025-12-19 11:56:14,954: INFO: common: created directory at: artifacts/training_model]
[2025-12-19 23:54:09,435: INFO: common: yaml file: configs\config.yaml loaded successfully]
[2025-12-19 23:54:09,439: INFO: common: yaml file: params.yaml loaded successfully]
[2025-12-19 23:54:29,673: INFO: common: yaml file: configs\config.yaml loaded successfully]
[2025-12-19 23:54:29,676: INFO: common: yaml file: params.yaml loaded successfully]
[2025-12-19 23:55:05,679: INFO: common: yaml file: configs\config.yaml loaded successfully]
[2025-12-19 23:55:05,681: INFO: common: yaml file: params.yaml loaded successfully]
[2025-12-19 23:56:32,832: INFO: common: yaml file: configs\config.yaml loaded successfully]
[2025-12-19 23:56:32,835: INFO: common: yaml file: params.yaml loaded successfully]
[2025-12-19 23:57:57,855: INFO: common: yaml file: configs\config.yaml loaded successfully]
[2025-12-19 23:57:57,860: INFO: common: yaml file: params.yaml loaded successfully]
[2025-12-20 00:02:35,326: INFO: common: yaml file: configs\config.yaml loaded successfully]
[2025-12-20 00:02:35,329: INFO: common: yaml file: params.yaml loaded successfully]
[2025-12-20 00:17:31,465: INFO: common: yaml file: configs\config.yaml loaded successfully]
[2025-12-20 00:17:31,468: INFO: common: yaml file: params.yaml loaded successfully]
[2025-12-20 00:20:34,236: INFO: common: yaml file: configs\config.yaml loaded successfully]
[2025-12-20 00:20:34,241: INFO: common: yaml file: params.yaml loaded successfully]
[2025-12-20 00:26:34,505: INFO: common: json file saved at: scores.json]
[2025-12-20 00:28:23,456: INFO: common: yaml file: configs\config.yaml loaded successfully]
[2025-12-20 00:28:23,460: INFO: common: yaml file: params.yaml loaded successfully]
[2025-12-20 00:33:47,992: INFO: common: json file saved at: scores.json]
[2025-12-20 00:37:49,700: INFO: common: yaml file: configs\config.yaml loaded successfully]
[2025-12-20 00:37:49,703: INFO: common: yaml file: params.yaml loaded successfully]
[2025-12-20 00:43:51,309: INFO: common: json file saved at: scores.json]
[2025-12-20 00:44:02,007: INFO: _client: HTTP Request: POST https://dagshub.com/login/oauth/middleman "HTTP/1.1 200 OK"]
[2025-12-20 00:44:03,523: INFO: _client: HTTP Request: POST https://dagshub.com/login/oauth/access_token "HTTP/1.1 200 OK"]
[2025-12-20 00:44:04,988: INFO: _client: HTTP Request: GET https://dagshub.com/api/v1/user "HTTP/1.1 200 OK"]
[2025-12-20 00:44:04,996: INFO: helpers: Accessing as QuangTruong2612]
[2025-12-20 00:44:06,484: INFO: _client: HTTP Request: GET https://dagshub.com/api/v1/repos/QuangTruong2612/Project_MultitaskModel "HTTP/1.1 200 OK"]
[2025-12-20 00:44:07,962: INFO: _client: HTTP Request: GET https://dagshub.com/api/v1/user "HTTP/1.1 200 OK"]
[2025-12-20 00:44:07,967: INFO: helpers: Initialized MLflow to track repo "QuangTruong2612/Project_MultitaskModel"]
[2025-12-20 00:44:07,970: INFO: helpers: Repository QuangTruong2612/Project_MultitaskModel initialized!]
[2025-12-20 00:49:54,803: INFO: common: yaml file: configs\config.yaml loaded successfully]
[2025-12-20 00:49:54,806: INFO: common: yaml file: params.yaml loaded successfully]
[2025-12-20 00:55:18,837: INFO: common: json file saved at: scores.json]
[2025-12-20 00:55:20,500: INFO: _client: HTTP Request: GET https://dagshub.com/api/v1/user "HTTP/1.1 200 OK"]
[2025-12-20 00:55:20,513: INFO: helpers: Accessing as QuangTruong2612]
[2025-12-20 00:55:21,721: INFO: _client: HTTP Request: GET https://dagshub.com/api/v1/repos/QuangTruong2612/Project_MultitaskModel "HTTP/1.1 200 OK"]
[2025-12-20 00:55:23,908: INFO: _client: HTTP Request: GET https://dagshub.com/api/v1/user "HTTP/1.1 200 OK"]
[2025-12-20 00:55:23,913: INFO: helpers: Initialized MLflow to track repo "QuangTruong2612/Project_MultitaskModel"]
[2025-12-20 00:55:23,915: INFO: helpers: Repository QuangTruong2612/Project_MultitaskModel initialized!]
[2025-12-20 01:28:02,190: INFO: stage_01_data_ingestion: >>>>>> Stage Data Ingestion Stage started <<<<<<]
[2025-12-20 01:28:02,193: INFO: common: yaml file: configs\config.yaml loaded successfully]
[2025-12-20 01:28:02,195: INFO: common: yaml file: params.yaml loaded successfully]
[2025-12-20 01:28:02,195: INFO: common: created directory at: artifacts]
[2025-12-20 01:28:02,196: INFO: common: created directory at: artifacts/data_ingestion]
[2025-12-20 01:28:02,287: INFO: credentials: Found credentials in shared credentials file: ~/.aws/credentials]
[2025-12-20 01:37:32,408: INFO: _internal: [31m[1mWARNING: This is a development server. Do not use it in a production deployment. Use a production WSGI server instead.[0m
 * Running on all addresses (0.0.0.0)
 * Running on http://127.0.0.1:8080
 * Running on http://10.167.107.193:8080]
[2025-12-20 01:37:32,409: INFO: _internal: [33mPress CTRL+C to quit[0m]
[2025-12-20 01:37:47,742: INFO: _internal: 127.0.0.1 - - [20/Dec/2025 01:37:47] "GET / HTTP/1.1" 200 -]
[2025-12-20 01:39:32,874: ERROR: app: Exception on /predict [POST]]
Traceback (most recent call last):
  File "C:\Users\ADMIN\anaconda3\envs\project-multitaskmodel-env\Lib\site-packages\flask\app.py", line 1511, in wsgi_app
    response = self.full_dispatch_request()
  File "C:\Users\ADMIN\anaconda3\envs\project-multitaskmodel-env\Lib\site-packages\flask\app.py", line 919, in full_dispatch_request
    rv = self.handle_user_exception(e)
  File "C:\Users\ADMIN\anaconda3\envs\project-multitaskmodel-env\Lib\site-packages\flask_cors\extension.py", line 176, in wrapped_function
    return cors_after_request(app.make_response(f(*args, **kwargs)))
                                                ~^^^^^^^^^^^^^^^^^
  File "C:\Users\ADMIN\anaconda3\envs\project-multitaskmodel-env\Lib\site-packages\flask\app.py", line 917, in full_dispatch_request
    rv = self.dispatch_request()
  File "C:\Users\ADMIN\anaconda3\envs\project-multitaskmodel-env\Lib\site-packages\flask\app.py", line 902, in dispatch_request
    return self.ensure_sync(self.view_functions[rule.endpoint])(**view_args)  # type: ignore[no-any-return]
           ~~~~~~~~~~~~~~~~~~~~~~~~~~~~~~~~~~~~~~~~~~~~~~~~~~~~^^^^^^^^^^^^^
  File "C:\Users\ADMIN\anaconda3\envs\project-multitaskmodel-env\Lib\site-packages\flask_cors\decorator.py", line 121, in wrapped_function
    resp = make_response(f(*args, **kwargs))
                         ~^^^^^^^^^^^^^^^^^
  File "F:\Project_MultitaskModel\app.py", line 38, in predictRoute
    result = clApp.predict_pipeline.predict()
  File "F:\Project_MultitaskModel\src\Project_MultitaskModel\pipeline\prediction.py", line 23, in predict
    model.load_state_dict(torch.load(file_model,  map_location=torch.device('cpu')))
                          ~~~~~~~~~~^^^^^^^^^^^^^^^^^^^^^^^^^^^^^^^^^^^^^^^^^^^^^^^
  File "C:\Users\ADMIN\anaconda3\envs\project-multitaskmodel-env\Lib\site-packages\torch\serialization.py", line 1484, in load
    with _open_file_like(f, "rb") as opened_file:
         ~~~~~~~~~~~~~~~^^^^^^^^^
  File "C:\Users\ADMIN\anaconda3\envs\project-multitaskmodel-env\Lib\site-packages\torch\serialization.py", line 759, in _open_file_like
    return _open_file(name_or_buffer, mode)
  File "C:\Users\ADMIN\anaconda3\envs\project-multitaskmodel-env\Lib\site-packages\torch\serialization.py", line 740, in __init__
    super().__init__(open(name, mode))
                     ~~~~^^^^^^^^^^^^
FileNotFoundError: [Errno 2] No such file or directory: 'model\\model.pt'
[2025-12-20 01:39:32,884: INFO: _internal: 127.0.0.1 - - [20/Dec/2025 01:39:32] "[35m[1mPOST /predict HTTP/1.1[0m" 500 -]
